* using log directory ‘/Users/Bocinsky/git/FedData/..Rcheck’
* using R version 3.1.3 (2015-03-09)
* using platform: x86_64-apple-darwin14.1.0 (64-bit)
* using session charset: UTF-8
* checking for file ‘./DESCRIPTION’ ... OK
* checking extension type ... Package
* this is package ‘FedData’ version ‘1.1’
* checking package namespace information ... OK
* checking package dependencies ... NOTE
Depends: includes the non-default packages:
  ‘sp’ ‘raster’ ‘rgdal’ ‘rgeos’ ‘igraph’ ‘Hmisc’ ‘data.table’
Adding so many packages to the search path is excessive and importing
selectively is preferable.
* checking if this is a source package ... OK
* checking if there is a namespace ... OK
* checking for executable files ... WARNING
Found the following executable files:
  .git/objects/01/7ed2733ccdc4208931bc608a0b7a81352d7331
  .git/objects/02/8650af145989cd74c19d2d75af47151b23834f
  .git/objects/03/62e0ed10ce03c5ab4c7dd814750c104318afbe
  .git/objects/04/56f506c37766351a0edcb4c152a6a07ceed034
  .git/objects/04/59caf61a2447b1f9ca7ba4c4fa384179c054c4
  .git/objects/07/ba8f3017fc626798383aca06a262e80c0483e2
  .git/objects/07/d5627d07745c4e036ae93cef2b223fa41e61cc
  .git/objects/0d/28b657c59d097c8e97987b07f94a4e98329f15
  .git/objects/0d/3f3e14b062e49c9bc4ada0af221111f567b327
  .git/objects/0f/78b50a0e7dd122c44263292d8cbfb7369bc973
  .git/objects/10/d3b8838d9242f21f5c8ad39d9ecf537f99323f
  .git/objects/12/685b03e149d21ec41e084a68ba6f55a85b65c0
  .git/objects/12/c8d618671c0d161c805161cc86eacad6afcaf6
  .git/objects/13/9b6bbfe70587dd02d8b9c3c849377065810864
  .git/objects/14/29682762d8ff63030b4e0ba36f51470f3d7446
  .git/objects/19/ab9d76e1bc96d73c3dcf062d07aabf74bc9c8b
  .git/objects/1a/320e0ec74318bae3e8d259933721feb42a9a22
  .git/objects/1c/b75386f09e7b5a5b6b8bca4f6d83458a7d48f0
  .git/objects/1d/7573a62d17f46ce72e7dd611d6dfa7998c4b24
  .git/objects/1d/eea40b6b4980823e3e633b117753e43fa0ec9a
  .git/objects/1e/cc8aaa59fc05cff0275604fdbf04b157f5f6ae
  .git/objects/22/fc87a40f5e53632e414e8a2c2566af09b937c0
  .git/objects/23/6b66c5f4f5c595afc77367c91a8624aa0cb5f4
  .git/objects/25/46b97a9cfcdcca6fcbdd41c9081ff30c807933
  .git/objects/27/808670d4956105253cbe9eed9b40b4c9c95fca
  .git/objects/28/452c4b482093026f959566673b9de5022edc8b
  .git/objects/29/289e7715c31343d2bd7a3eafa46f2d338435b0
  .git/objects/2b/c7553c25be525c0f90aa9ff02cd4d0f2621e47
  .git/objects/2c/520193d5e95154e19683add18b2a564425f73f
  .git/objects/2e/e518c4167e283d439c053f7f5bcac24d64fdd2
  .git/objects/30/72662b219242972e6cded2e5c65cf4a0c8bff3
  .git/objects/30/edfb37b17fe4d1890860d7ad4572659cb60456
  .git/objects/32/84d620fc7e7e3993d7724ce4791ff6c295250b
  .git/objects/32/bf8aaa12e5406d90c68c2da761841ba574139f
  .git/objects/34/070d357a3e0332f49ca2f7221b5cb34e3def21
  .git/objects/35/8ce97f296b43c1ab550558b0920f2f348a8685
  .git/objects/35/b1d87ce4cfc7de91101169f4c79eb28f65dadc
  .git/objects/36/c9a18a5180858b0432a0fa3dddfdca6791563c
  .git/objects/37/cdb3b4fa71f4390a02d757c2d445249fd87b12
  .git/objects/3a/89730204c9d4e11bd944409e496887aa0cc95f
  .git/objects/3a/922b3022c4a3dee5b320b354bbbcdc1583d1ec
  .git/objects/3a/96d4d76c3a700914557432b84b5136ab37e385
  .git/objects/3b/90e421bc083ed01d58e2d3060b20326d2d2e6f
  .git/objects/3d/1a281e5015c676f92ad28d75ed665fcd1d8a3a
  .git/objects/3d/aff9f9635559f35652abfcac52b73b5c47992e
  .git/objects/3e/775001d56509d275e001ee48f3e8849b1adbdc
  .git/objects/3f/1a3ef6eceb106ec6bc032ae7d02a29d41a6895
  .git/objects/3f/7309e94abe88263009fbbe97815c7797dc3b3c
  .git/objects/3f/b8f3747b440e5847890f19d1d2ad7ab8ab162a
  .git/objects/40/19136136508d8de1ea0e62e21f5f9bd05305cd
  .git/objects/41/0511a50beba60b6ddbca727fd210553bb68743
  .git/objects/41/c11f37514bc017df42723bb3b03b6b925fe621
  .git/objects/44/60dfb3df5a843a3d500a69562edc65e06e8484
  .git/objects/45/f7b6b2b88e17e576f83d187a41c7a96ca2218d
  .git/objects/46/62f42445b80679b2ff65eabfd5b46a237a79e1
  .git/objects/47/21f46e1929b45bcc272c2650fc10de61199aa3
  .git/objects/47/a511e6fd372107d16acb302274a0aed2d651ca
  .git/objects/48/6d8a3ff2df9b967a062a8208b508767fbfcc6a
  .git/objects/49/266e45700d576f1f3bfca2d9b1b35a3748b089
  .git/objects/49/53092f20aaacaff35fe944b5bda06f8dcf2c79
  .git/objects/4a/49f155661ec2a948c7747bdd27c59fba9aac64
  .git/objects/4a/e7efff70ee6698a7a07b39b879c01c8cd41ff3
  .git/objects/4a/fcb634a6b04e5299f4f65f5cf9c0c876e8d6af
  .git/objects/4b/de5a9ba18c9a0cd1ea37ba04355e4ef57237ee
  .git/objects/4e/7c9719971533e8669479a980ad7aea71e19a8f
  .git/objects/4f/a3950382279266a568e5e2889803d52e3de77e
  .git/objects/50/6a1bf88311c2f03d1ae5fc3ae61ab461e27529
  .git/objects/50/c32374e600da3244555c4476fbf5555ddda6bc
  .git/objects/51/40b3b51c61c5fbb6b12e5c09335eadaa9120cb
  .git/objects/52/866f33f2d4532f501fe1e702acf99f798b7e7b
  .git/objects/54/23b16e4c23f24791fb1c73ebf0347b2b775e11
  .git/objects/55/4598b68882de2a51f557d6f2fc501a6a7569f8
  .git/objects/58/aa431e8bfee0653b1bad342307f13c802a8dbe
  .git/objects/58/e088c36a6634f97018f11ce2f3ae59266c897b
  .git/objects/59/010be0a32fca9f977e8dd1cc884094d14c0e64
  .git/objects/59/8be1a76d945b7c9b3e6861883272a3994138f0
  .git/objects/5a/4617f3077b0c8d63b07b3318cc096c1d09609a
  .git/objects/5b/26ee5cbe6a0360dac88a425cda0a87a2564c33
  .git/objects/5b/48862418fbd9bcb5befcf58b269cdf207a3dd5
  .git/objects/5b/a9215c73e97bd657726c77da294f3c30f4eec6
  .git/objects/5b/b1581c1adea9e0af9f4074aa91126c1a1526dc
  .git/objects/5c/0556ad7613c107cc3fa6eb02a9328344a67189
  .git/objects/5d/2453d7f0cb501b4f599ca39c4513cc3db11687
  .git/objects/5d/ae0f835f52c3e80dc3a9cce9edbea9333b58da
  .git/objects/5e/081dd31bd5c608ec088541c99465ceba25f55f
  .git/objects/5e/11ace8daa6d48b695de7f5180446db4dd161fd
  .git/objects/5f/1681ee360ea0da87f9e67fbf537f7afb2d2641
  .git/objects/60/07e5bae1e94031eb10c8bcd2cc50ec8a753075
  .git/objects/60/d37e7d29da69c10ea1990f29b1fcd5926c474c
  .git/objects/63/30ffc37010b0ef14877465112d4697db0f58d2
  .git/objects/65/3d42dd20fd845dd7dd859f126106a1d5557e2c
  .git/objects/67/871ea93808a4a6ca3946f970a4f87fed3f14d7
  .git/objects/6b/85ec0fdde49be3b5a37792c8a9f48a9f46e405
  .git/objects/6b/9d549e0279882a51ac6dad91017810d3b5e863
  .git/objects/6c/26691e08fda362bb425fe0437b4dd0d8dd4b5c
  .git/objects/6d/dc00ff29d5b7b14c4a44c456dac3c2ae34c75b
  .git/objects/6e/270bcf310aa140a9c0262c2d41a5f19adaccd9
  .git/objects/6e/f0e24af2e8315d3f584b6c7265a082e923d818
  .git/objects/71/d0beba6565d3f239b3e270d2d4b702932e15bd
  .git/objects/72/8a77cfb4ccd0cced4e1ae176b509406bcc9476
  .git/objects/73/adf5c6721889062de56a100670de7811a596b8
  .git/objects/74/2e32e7db4b0c7dc3e63eabc5c0da8cfba8c66c
  .git/objects/77/943dc05e3900663a039f77b8ac22c6e9fec3ac
  .git/objects/77/eca2fe1871a11bab0b7698f0371350061afd99
  .git/objects/79/55fe27f29cc5f7e293d12895f7ee0ac01de775
  .git/objects/79/6fe0dcc1306eef6ee4354047f5625669318a35
  .git/objects/7a/7d5ef7baf453e18ba4247a48da2720701d9c6f
  .git/objects/7a/c07a216a6eea754b16d260bc6e58b8d3465309
  .git/objects/7b/5ea3c058c1a1c014ec71cb31b2d5f7d7f0d6ca
  .git/objects/7d/d5e50a7265a747b0afad8607e63f94d6870ffd
  .git/objects/7d/db0e84e719f6e931ce5da245218fec97e60e08
  .git/objects/7e/69243c9c0f1bc3839ce2250d9cef6ef8f6fa99
  .git/objects/7e/862499215b6f029a742af7a5e246706241ba78
  .git/objects/80/04be0644237a40434e5cf1e1ef3725c6c3d829
  .git/objects/80/7ea251739a053faee6d72fe9dc3ae80d80cc15
  .git/objects/81/dc0a1129acccf6debabcfce06dd62a0d53864d
  .git/objects/83/ed30b837728cff2e03e492b329bc883a335831
  .git/objects/85/56b8bd0ec3be273322f3b22eb0a8ce4920089b
  .git/objects/85/ecb23f965238951c1295a307005c3ac527e562
  .git/objects/86/1160aa47186109a0bc8439512d9c7c5ca55f1d
  .git/objects/87/a40ca716dad71fa07307fc4db974ad992efcf2
  .git/objects/89/1e9ebacb934faec21adca24994c17cc72d41ba
  .git/objects/8a/7e4750fa275e61228000871cb32b222cf50dce
  .git/objects/8a/dbfb6837248f3e30b7d489a58b642403fb3c99
  .git/objects/8c/74a5ab528e89ecc6f8f8019f9d7ea292c0cec4
  .git/objects/8e/5f2f2407ca496b6626103e089b20d0e411da99
  .git/objects/8f/80001083b15dbfc32c61e612b3eb99942660ad
  .git/objects/8f/96cd491800da1123efc80f96c658a2c76882a6
  .git/objects/90/dde5b663b927542d7c99230ab810aac6c60428
  .git/objects/91/114bf2f2bba5e0c5252e75018da19b869776f1
  .git/objects/94/d047d5b1a671732001ddd0222909c219e221fc
  .git/objects/95/fa0e31059f385fcb95e87db7539ee305e94695
  .git/objects/97/33c07b8df795feff663583ef3aaf129f43107a
  .git/objects/97/47a03ef82130e0168f00b040eb02f106580969
  .git/objects/97/61ac2c9ae78b8a5d433a225cc10d7077b45504
  .git/objects/98/3f3ae5929c03ecec5edc3329e9b5c6b0cf4ad6
  .git/objects/9a/218d7e7db629bbdaf914219b28423728f76327
  .git/objects/9a/51ab4d3249e67d9d1bb970bb90c398c2b9547c
  .git/objects/9a/ced60cd94ddec6ba3bd336eded769ab9216e50
  .git/objects/9e/b075cc5d22fff2bad27bb45756efbfdba5f4de
  .git/objects/9f/25dd96e1d9e174d9df819cab03475dfcc26f40
  .git/objects/9f/423c48bcb7a0bb94c8b7adb3e8ce02e6cbc940
  .git/objects/9f/a7444db6029c2bd93a4fdd5e81a9e6fbe3b354
  .git/objects/a2/3ec9164c2c0ad1e37a78367163d0f88a52c72d
  .git/objects/a2/f115c6e8f4afc7e5f5f78f167872dc10f92afe
  .git/objects/a4/f0e4c6925bf64bedbcafa23a91b77c439fe96b
  .git/objects/a5/28c6479ae21f1233b493aff419964ec7216084
  .git/objects/a5/52494732a5b7f5d770706db50599645649ea4c
  .git/objects/a5/b8e5d514c12af1b899b3b94fc0c5d37ebcfaca
  .git/objects/a8/5042e9947ab0e85f29de8d4e74844bd492845c
  .git/objects/a8/8145746c73b920f5d9fb8b9e27fdc6e3f5bba6
  .git/objects/a8/8d0c807cccfa52334150c2ab81662ca036a8e4
  .git/objects/a9/77325cb319060d36a7bc4a17139597f556d2e8
  .git/objects/aa/21e8eb027040345cd2303246e6da0508ad83cc
  .git/objects/ab/1d0e3e2daeac84cd7d00f00b4335f9db8ff1df
  .git/objects/ad/55dc25158f0f18597c257badeb6a154e57c6e4
  .git/objects/ae/b9e274e9273ff85368a76211f1a0cb04d23333
  .git/objects/af/37079087c1aec36d3a0b6d02bc5e33e92c5f48
  .git/objects/af/47d904a64d9fb13af151c73dec99c33f10cea2
  .git/objects/b0/20c9078de5badd9f58b0662ac37ea0569fc8d3
  .git/objects/b0/882132e4ae1ffdc70158856a5827a8680c4c23
  .git/objects/b1/4641d078afebfbe89c9a9ba62a5b57ffd69713
  .git/objects/b1/a87d83fa837ba56f36c0e5d0b51d50fdc1ba30
  .git/objects/b2/35d9074553cbf44d8507a172293f7ed00b3f87
  .git/objects/b2/6e8fd2c2c8c9f08e0188d0fe7d9c47d8d2ffd1
  .git/objects/b3/5ea6de4b1e8c6f235a7a7d1941f8fe4e5c0bd6
  .git/objects/b3/f3e6827414ea8c4c05ea666f6560e4a8bbf206
  .git/objects/b5/017c01c60138ab3b0265841912d6768b025a10
  .git/objects/b9/4fb23f3ce3d0de9149587b16a5503b8584f883
  .git/objects/bd/6429629d642e25af5269352520727089dc63cd
  .git/objects/bd/eaa64d6bdd6d9c1fdd83a6d479be73a084acad
  .git/objects/be/7d60a1975c7aa1c7672dc1480c78e93f5cea6c
  .git/objects/bf/4788894a1c84a3a4c57b96670568ab754cd576
  .git/objects/c0/10d96a18b532a3277bf8d69a5a9176559e4cd0
  .git/objects/c1/b60aea089b6568c9ea609690d60383472d1beb
  .git/objects/c1/b9b0b0b6c4bc84fc9c47435f16ad27c71912ca
  .git/objects/c3/54cb9f47642fe441cf9c4358ef0d5cb8b371c9
  .git/objects/c3/ccc2b9f640e60f891e90c0318c90c3e785e94d
  .git/objects/c3/feb447709ac97c16012748d132d6b1e52f6614
  .git/objects/c5/7c8446ac07a12bbcb3e122be990b4ebf673f50
  .git/objects/c6/a6452d249f902a80b0775bf01352cbca6f284b
  .git/objects/c8/72588d70b75410cfaca58d6ef368df16315a41
  .git/objects/c9/1db583ff3bec749d65887bd2ece989b8721fe0
  .git/objects/c9/fee3a820b19298d9d8c312c1ecfbc2453da6dd
  .git/objects/ce/045055816317d1ef66297b20444d9d91da8d50
  .git/objects/ce/1043111c01abf97b085ee83ca3ed6b1981efbe
  .git/objects/cf/0cee7f3025f5eedaa722690cfea271a0fb2ec1
  .git/objects/d0/4e55879c98aaf7642967263014491b44a2258c
  .git/objects/d0/5e6c4bf40938af699e7f44cfc4071f0f32477f
  .git/objects/d0/88eeacc844792b842e98940a29f0a403d1a2a8
  .git/objects/d1/48c61bcc74d25276088f8c3d4539e6feab40f3
  .git/objects/d2/16d185162d6837e9842de08d1d9647f0b0dd62
  .git/objects/d4/9715f1f799f279e0b376d18c5b7ccef8b397a7
  .git/objects/d5/e6ca3bc0e87933a569a1d4698ea56fc61cc94f
  .git/objects/d7/509f40dab177daa11b6e24cc67fee379b4ab36
  .git/objects/d8/60fb01b62bca3b798af4fe259e7dd5feba4fa8
  .git/objects/da/cefcbb808bec714612f9d5086c42a6c836dd7b
  .git/objects/da/cf2e1861be0377092a7fb9a6779b11b837241f
  .git/objects/dc/0437e5eff24ec25a14e382cbd72f983038e70f
  .git/objects/dc/66bd6da3e968e848c3fc88cf1a05bd85b5f579
  .git/objects/e0/91c26996928a762c282c486e5d559c6bc9daf8
  .git/objects/e0/a7b56aaac5cf17110f2a239256d57c2247b65b
  .git/objects/e1/29c49ad64031735715a061cf382525fd760c71
  .git/objects/e1/7e0eab18345dd1ca51ddeaf989fe16e0f532b2
  .git/objects/e2/644ed8f39d8279271b738505b1eb50afe69a0d
  .git/objects/e2/e453533c774682bed965dc8d5ed8dc158e239a
  .git/objects/e3/5ce83b180f8c083a0ad57275ea8bc64ff8da27
  .git/objects/e3/bc1a773036190e00cc85eb57911f68911416b3
  .git/objects/e5/b77ee76771b6251ac5546aade297701411de1f
  .git/objects/e5/b9490624741d2db3ba577efbd46a2465119d5b
  .git/objects/e7/71be1aa35ddfd815bb98287a47e6a2acf14ada
  .git/objects/e8/f3129e792abcfbc21a639338e6c587cd428bd1
  .git/objects/eb/718081e6f4449a718664b73d7cf91057725cc4
  .git/objects/eb/7a5bd0443b8a7907df569966b6af743a9d6a4b
  .git/objects/ec/25713fa933abf51dd919d50964e40d95a154ad
  .git/objects/ee/be4f43bbf8ec96b958cf6df5f7888168634d2b
  .git/objects/ef/53c6263d170fd41d71bc20d101def088edc166
  .git/objects/ef/ef2551dfc64f480ca681da541b3864ab4afab7
  .git/objects/f0/5a17fe4482bfbee4817e01453805a30639d150
  .git/objects/f1/5225c665b2092c15ffe9b3ad5bf85a47eb75e0
  .git/objects/f2/684ad13f945628e72587c258d6e12ce88068d2
  .git/objects/f3/32a32f8f71f093d7ff412d2c0ab7126cc83777
  .git/objects/f3/841ffe7f43ce243741c62d24c987f8b4710b5d
  .git/objects/f4/29c0718c24d20cf4dca946ea3e554c4db53899
  .git/objects/f4/f182ea8c347364e2376123fb975bae52afef71
  .git/objects/f4/fdf323705dc2edc4b1a1c1458951e5a59b9bf4
  .git/objects/f6/0fd0a6a2bc409fcf13e48993b8495597b3aae6
  .git/objects/f6/2ab2ea40ad30b2efd51e523eb90f74b619e7c8
  .git/objects/f6/943eaaac8af3e685742f71e0fda1fa4f1504d0
  .git/objects/fa/ea32e9a014abe2e5617b5d639a879ba46cce39
  .git/objects/fe/fe5f8ff5ad9891f07f5f511cad0aed804248c1
Source packages should not contain undeclared executable files.
See section ‘Package structure’ in the ‘Writing R Extensions’ manual.
* checking for hidden files and directories ... NOTE
Found the following hidden files and directories:
  .DS_Store
  .git/.DS_Store
  .gitignore
  R/.DS_Store
  R/.Rhistory
  man/.DS_Store
  ..Rcheck
  .Rproj.user
  .git
These were most likely included in error. See section ‘Package
structure’ in the ‘Writing R Extensions’ manual.
* checking for portable file names ... OK
* checking for sufficient/correct file permissions ... OK
* checking whether package ‘FedData’ can be installed ... OK
* checking installed package size ... OK
* checking package directory ... OK
* checking DESCRIPTION meta-information ... OK
* checking top-level files ... OK
* checking for left-over files ... OK
* checking index information ... OK
* checking package subdirectories ... WARNING
Found the following directory with the name of a check directory:
  ./..Rcheck
Most likely, these were included erroneously.
* checking R files for non-ASCII characters ... OK
* checking R files for syntax errors ... OK
* checking whether the package can be loaded ... OK
* checking whether the package can be loaded with stated dependencies ... OK
* checking whether the package can be unloaded cleanly ... OK
* checking whether the namespace can be loaded with stated dependencies ... OK
* checking whether the namespace can be unloaded cleanly ... OK
* checking dependencies in R code ... OK
* checking S3 generic/method consistency ... OK
* checking replacement functions ... OK
* checking foreign function calls ... OK
* checking R code for possible problems ... NOTE
downloadITRDB: no visible binding for global variable ‘LAT’
downloadITRDB: no visible binding for global variable ‘LON’
downloadITRDB: no visible binding for global variable ‘START’
downloadITRDB: no visible binding for global variable ‘END’
getITRDB: no visible binding for global variable ‘START’
getITRDB: no visible binding for global variable ‘END’
getITRDB: no visible binding for global variable ‘SPECIES’
getITRDB: no visible binding for global variable ‘MEASUREMENT_TYPE’
getITRDB: no visible binding for global variable ‘CHRONOLOGY_TYPE’
getITRDB: no visible binding for global variable ‘LAT’
getITRDB: no visible binding for global variable ‘LON’
read.crn.metadata: no visible binding for global variable ‘lats’
read.crn.metadata: no visible binding for global variable ‘lons’
* checking Rd files ... OK
* checking Rd metadata ... OK
* checking Rd cross-references ... OK
* checking for missing documentation entries ... OK
* checking for code/documentation mismatches ... OK
* checking Rd \usage sections ... OK
* checking Rd contents ... OK
* checking for unstated dependencies in examples ... OK
* checking examples ... OK
* checking PDF version of manual ... OK
* DONE
WARNING: There were 2 warnings.
NOTE: There were 3 notes.
